2022/11/21 07:41:18 [notice] 1#1: using the "epoll" event method
2022/11/21 07:41:18 [notice] 1#1: nginx/1.23.2
2022/11/21 07:41:18 [notice] 1#1: built by gcc 10.2.1 20210110 (Debian 10.2.1-6) 
2022/11/21 07:41:18 [notice] 1#1: OS: Linux 5.15.0-53-generic
2022/11/21 07:41:18 [notice] 1#1: getrlimit(RLIMIT_NOFILE): 1048576:1048576
2022/11/21 07:41:18 [notice] 1#1: start worker processes
2022/11/21 07:41:18 [notice] 1#1: start worker process 20
2022/11/21 07:41:18 [notice] 1#1: start worker process 21
2022/11/21 07:41:18 [notice] 1#1: start worker process 22
2022/11/21 07:41:18 [notice] 1#1: start worker process 23
2022/11/21 07:41:18 [notice] 1#1: start worker process 24
2022/11/21 07:41:18 [notice] 1#1: start worker process 25
2022/11/21 07:41:18 [notice] 1#1: start worker process 26
2022/11/21 07:41:18 [notice] 1#1: start worker process 27
2022/11/21 07:44:24 [error] 20#20: *1 open() "/var/www/hello.test/favicon.ico" failed (2: No such file or directory), client: 192.168.208.1, server: hello.test, request: "GET /favicon.ico HTTP/1.1", host: "hello.test:8000", referrer: "http://hello.test:8000/"
2022/11/21 08:06:43 [notice] 1#1: signal 3 (SIGQUIT) received, shutting down
2022/11/21 08:06:43 [notice] 20#20: gracefully shutting down
2022/11/21 08:06:43 [notice] 22#22: gracefully shutting down
2022/11/21 08:06:43 [notice] 20#20: exiting
2022/11/21 08:06:43 [notice] 24#24: gracefully shutting down
2022/11/21 08:06:43 [notice] 26#26: gracefully shutting down
2022/11/21 08:06:43 [notice] 23#23: gracefully shutting down
2022/11/21 08:06:43 [notice] 25#25: gracefully shutting down
2022/11/21 08:06:43 [notice] 22#22: exiting
2022/11/21 08:06:43 [notice] 24#24: exiting
2022/11/21 08:06:43 [notice] 26#26: exiting
2022/11/21 08:06:43 [notice] 20#20: exit
2022/11/21 08:06:43 [notice] 23#23: exiting
2022/11/21 08:06:43 [notice] 25#25: exiting
2022/11/21 08:06:43 [notice] 27#27: gracefully shutting down
2022/11/21 08:06:43 [notice] 27#27: exiting
2022/11/21 08:06:43 [notice] 22#22: exit
2022/11/21 08:06:43 [notice] 24#24: exit
2022/11/21 08:06:43 [notice] 26#26: exit
2022/11/21 08:06:43 [notice] 25#25: exit
2022/11/21 08:06:43 [notice] 23#23: exit
2022/11/21 08:06:43 [notice] 27#27: exit
2022/11/21 08:06:43 [notice] 21#21: gracefully shutting down
2022/11/21 08:06:43 [notice] 21#21: exiting
2022/11/21 08:06:43 [notice] 21#21: exit
2022/11/21 08:06:43 [notice] 1#1: signal 17 (SIGCHLD) received from 22
2022/11/21 08:06:43 [notice] 1#1: worker process 21 exited with code 0
2022/11/21 08:06:43 [notice] 1#1: worker process 22 exited with code 0
2022/11/21 08:06:43 [notice] 1#1: worker process 24 exited with code 0
2022/11/21 08:06:43 [notice] 1#1: signal 29 (SIGIO) received
2022/11/21 08:06:43 [notice] 1#1: signal 17 (SIGCHLD) received from 24
2022/11/21 08:06:43 [notice] 1#1: signal 17 (SIGCHLD) received from 26
2022/11/21 08:06:43 [notice] 1#1: worker process 26 exited with code 0
2022/11/21 08:06:43 [notice] 1#1: signal 29 (SIGIO) received
2022/11/21 08:06:43 [notice] 1#1: signal 17 (SIGCHLD) received from 23
2022/11/21 08:06:43 [notice] 1#1: worker process 23 exited with code 0
2022/11/21 08:06:43 [notice] 1#1: signal 29 (SIGIO) received
2022/11/21 08:06:43 [notice] 1#1: signal 17 (SIGCHLD) received from 20
2022/11/21 08:06:43 [notice] 1#1: worker process 20 exited with code 0
2022/11/21 08:06:43 [notice] 1#1: worker process 27 exited with code 0
2022/11/21 08:06:43 [notice] 1#1: signal 17 (SIGCHLD) received from 27
2022/11/21 08:06:43 [notice] 1#1: worker process 25 exited with code 0
2022/11/21 08:06:43 [notice] 1#1: exit
2022/11/21 08:06:48 [notice] 1#1: using the "epoll" event method
2022/11/21 08:06:48 [notice] 1#1: nginx/1.23.2
2022/11/21 08:06:48 [notice] 1#1: built by gcc 10.2.1 20210110 (Debian 10.2.1-6) 
2022/11/21 08:06:48 [notice] 1#1: OS: Linux 5.15.0-53-generic
2022/11/21 08:06:48 [notice] 1#1: getrlimit(RLIMIT_NOFILE): 1048576:1048576
2022/11/21 08:06:48 [notice] 1#1: start worker processes
2022/11/21 08:06:48 [notice] 1#1: start worker process 20
2022/11/21 08:06:48 [notice] 1#1: start worker process 21
2022/11/21 08:06:48 [notice] 1#1: start worker process 22
2022/11/21 08:06:48 [notice] 1#1: start worker process 23
2022/11/21 08:06:48 [notice] 1#1: start worker process 24
2022/11/21 08:06:48 [notice] 1#1: start worker process 25
2022/11/21 08:06:48 [notice] 1#1: start worker process 26
2022/11/21 08:06:48 [notice] 1#1: start worker process 27
2022/11/21 08:07:48 [error] 20#20: *1 open() "/var/www/app/public/favicon.ico" failed (2: No such file or directory), client: 192.168.208.1, server: localhost, request: "GET /favicon.ico HTTP/1.1", host: "localhost:8000", referrer: "http://localhost:8000/"
2022/11/21 08:10:42 [notice] 1#1: signal 3 (SIGQUIT) received, shutting down
2022/11/21 08:10:42 [notice] 20#20: gracefully shutting down
2022/11/21 08:10:42 [notice] 21#21: gracefully shutting down
2022/11/21 08:10:42 [notice] 22#22: gracefully shutting down
2022/11/21 08:10:42 [notice] 24#24: gracefully shutting down
2022/11/21 08:10:42 [notice] 20#20: exiting
2022/11/21 08:10:42 [notice] 21#21: exiting
2022/11/21 08:10:42 [notice] 22#22: exiting
2022/11/21 08:10:42 [notice] 24#24: exiting
2022/11/21 08:10:42 [notice] 20#20: exit
2022/11/21 08:10:42 [notice] 21#21: exit
2022/11/21 08:10:42 [notice] 22#22: exit
2022/11/21 08:10:42 [notice] 24#24: exit
2022/11/21 08:10:42 [notice] 23#23: gracefully shutting down
2022/11/21 08:10:42 [notice] 26#26: gracefully shutting down
2022/11/21 08:10:42 [notice] 25#25: gracefully shutting down
2022/11/21 08:10:42 [notice] 27#27: gracefully shutting down
2022/11/21 08:10:42 [notice] 23#23: exiting
2022/11/21 08:10:42 [notice] 26#26: exiting
2022/11/21 08:10:42 [notice] 25#25: exiting
2022/11/21 08:10:42 [notice] 27#27: exiting
2022/11/21 08:10:42 [notice] 23#23: exit
2022/11/21 08:10:42 [notice] 26#26: exit
2022/11/21 08:10:42 [notice] 25#25: exit
2022/11/21 08:10:42 [notice] 27#27: exit
2022/11/21 08:10:42 [notice] 1#1: signal 17 (SIGCHLD) received from 27
2022/11/21 08:10:42 [notice] 1#1: worker process 20 exited with code 0
2022/11/21 08:10:42 [notice] 1#1: worker process 27 exited with code 0
2022/11/21 08:10:42 [notice] 1#1: signal 29 (SIGIO) received
2022/11/21 08:10:42 [notice] 1#1: signal 17 (SIGCHLD) received from 24
2022/11/21 08:10:42 [notice] 1#1: worker process 24 exited with code 0
2022/11/21 08:10:42 [notice] 1#1: worker process 23 exited with code 0
2022/11/21 08:10:42 [notice] 1#1: signal 29 (SIGIO) received
2022/11/21 08:10:42 [notice] 1#1: signal 17 (SIGCHLD) received from 23
2022/11/21 08:10:42 [notice] 1#1: signal 17 (SIGCHLD) received from 25
2022/11/21 08:10:42 [notice] 1#1: worker process 25 exited with code 0
2022/11/21 08:10:42 [notice] 1#1: signal 29 (SIGIO) received
2022/11/21 08:10:42 [notice] 1#1: signal 17 (SIGCHLD) received from 22
2022/11/21 08:10:42 [notice] 1#1: worker process 21 exited with code 0
2022/11/21 08:10:42 [notice] 1#1: worker process 22 exited with code 0
2022/11/21 08:10:42 [notice] 1#1: signal 29 (SIGIO) received
2022/11/21 08:10:42 [notice] 1#1: signal 17 (SIGCHLD) received from 21
2022/11/21 08:10:42 [notice] 1#1: signal 17 (SIGCHLD) received from 26
2022/11/21 08:10:42 [notice] 1#1: worker process 26 exited with code 0
2022/11/21 08:10:42 [notice] 1#1: exit
2022/11/21 08:12:24 [notice] 1#1: using the "epoll" event method
2022/11/21 08:12:24 [notice] 1#1: nginx/1.23.2
2022/11/21 08:12:24 [notice] 1#1: built by gcc 10.2.1 20210110 (Debian 10.2.1-6) 
2022/11/21 08:12:24 [notice] 1#1: OS: Linux 5.15.0-53-generic
2022/11/21 08:12:24 [notice] 1#1: getrlimit(RLIMIT_NOFILE): 1048576:1048576
2022/11/21 08:12:24 [notice] 1#1: start worker processes
2022/11/21 08:12:24 [notice] 1#1: start worker process 28
2022/11/21 08:12:24 [notice] 1#1: start worker process 29
2022/11/21 08:12:24 [notice] 1#1: start worker process 30
2022/11/21 08:12:24 [notice] 1#1: start worker process 31
2022/11/21 08:12:24 [notice] 1#1: start worker process 32
2022/11/21 08:12:24 [notice] 1#1: start worker process 33
2022/11/21 08:12:24 [notice] 1#1: start worker process 34
2022/11/21 08:12:24 [notice] 1#1: start worker process 35
2022/11/21 08:16:00 [notice] 1#1: signal 3 (SIGQUIT) received, shutting down
2022/11/21 08:16:00 [notice] 28#28: gracefully shutting down
2022/11/21 08:16:00 [notice] 28#28: exiting
2022/11/21 08:16:00 [notice] 31#31: gracefully shutting down
2022/11/21 08:16:00 [notice] 33#33: gracefully shutting down
2022/11/21 08:16:00 [notice] 30#30: gracefully shutting down
2022/11/21 08:16:00 [notice] 34#34: gracefully shutting down
2022/11/21 08:16:00 [notice] 29#29: gracefully shutting down
2022/11/21 08:16:00 [notice] 32#32: gracefully shutting down
2022/11/21 08:16:00 [notice] 31#31: exiting
2022/11/21 08:16:00 [notice] 33#33: exiting
2022/11/21 08:16:00 [notice] 30#30: exiting
2022/11/21 08:16:00 [notice] 28#28: exit
2022/11/21 08:16:00 [notice] 34#34: exiting
2022/11/21 08:16:00 [notice] 29#29: exiting
2022/11/21 08:16:00 [notice] 32#32: exiting
2022/11/21 08:16:00 [notice] 31#31: exit
2022/11/21 08:16:00 [notice] 30#30: exit
2022/11/21 08:16:00 [notice] 33#33: exit
2022/11/21 08:16:00 [notice] 34#34: exit
2022/11/21 08:16:00 [notice] 32#32: exit
2022/11/21 08:16:00 [notice] 29#29: exit
2022/11/21 08:16:00 [notice] 35#35: gracefully shutting down
2022/11/21 08:16:00 [notice] 35#35: exiting
2022/11/21 08:16:00 [notice] 35#35: exit
2022/11/21 08:16:00 [notice] 1#1: signal 17 (SIGCHLD) received from 33
2022/11/21 08:16:00 [notice] 1#1: worker process 33 exited with code 0
2022/11/21 08:16:00 [notice] 1#1: signal 29 (SIGIO) received
2022/11/21 08:16:00 [notice] 1#1: signal 17 (SIGCHLD) received from 30
2022/11/21 08:16:00 [notice] 1#1: worker process 30 exited with code 0
2022/11/21 08:16:00 [notice] 1#1: signal 29 (SIGIO) received
2022/11/21 08:16:00 [notice] 1#1: signal 17 (SIGCHLD) received from 32
2022/11/21 08:16:00 [notice] 1#1: worker process 31 exited with code 0
2022/11/21 08:16:00 [notice] 1#1: worker process 32 exited with code 0
2022/11/21 08:16:00 [notice] 1#1: signal 29 (SIGIO) received
2022/11/21 08:16:00 [notice] 1#1: signal 17 (SIGCHLD) received from 31
2022/11/21 08:16:00 [notice] 1#1: signal 17 (SIGCHLD) received from 29
2022/11/21 08:16:00 [notice] 1#1: worker process 29 exited with code 0
2022/11/21 08:16:00 [notice] 1#1: worker process 34 exited with code 0
2022/11/21 08:16:00 [notice] 1#1: worker process 35 exited with code 0
2022/11/21 08:16:00 [notice] 1#1: signal 29 (SIGIO) received
2022/11/21 08:16:00 [notice] 1#1: signal 17 (SIGCHLD) received from 34
2022/11/21 08:16:00 [notice] 1#1: signal 17 (SIGCHLD) received from 28
2022/11/21 08:16:00 [notice] 1#1: worker process 28 exited with code 0
2022/11/21 08:16:00 [notice] 1#1: exit
2022/11/21 11:28:08 [notice] 1#1: using the "epoll" event method
2022/11/21 11:28:08 [notice] 1#1: nginx/1.23.2
2022/11/21 11:28:08 [notice] 1#1: built by gcc 10.2.1 20210110 (Debian 10.2.1-6) 
2022/11/21 11:28:08 [notice] 1#1: OS: Linux 5.15.0-53-generic
2022/11/21 11:28:08 [notice] 1#1: getrlimit(RLIMIT_NOFILE): 1048576:1048576
2022/11/21 11:28:08 [notice] 1#1: start worker processes
2022/11/21 11:28:08 [notice] 1#1: start worker process 28
2022/11/21 11:28:08 [notice] 1#1: start worker process 29
2022/11/21 11:28:08 [notice] 1#1: start worker process 30
2022/11/21 11:28:08 [notice] 1#1: start worker process 31
2022/11/21 11:28:08 [notice] 1#1: start worker process 32
2022/11/21 11:28:08 [notice] 1#1: start worker process 33
2022/11/21 11:28:08 [notice] 1#1: start worker process 34
2022/11/21 11:28:08 [notice] 1#1: start worker process 35
2022/11/21 11:30:07 [notice] 1#1: signal 3 (SIGQUIT) received, shutting down
2022/11/21 11:30:07 [notice] 28#28: gracefully shutting down
2022/11/21 11:30:07 [notice] 30#30: gracefully shutting down
2022/11/21 11:30:07 [notice] 29#29: gracefully shutting down
2022/11/21 11:30:07 [notice] 33#33: gracefully shutting down
2022/11/21 11:30:07 [notice] 28#28: exiting
2022/11/21 11:30:07 [notice] 30#30: exiting
2022/11/21 11:30:07 [notice] 29#29: exiting
2022/11/21 11:30:07 [notice] 33#33: exiting
2022/11/21 11:30:07 [notice] 28#28: exit
2022/11/21 11:30:07 [notice] 29#29: exit
2022/11/21 11:30:07 [notice] 30#30: exit
2022/11/21 11:30:07 [notice] 33#33: exit
2022/11/21 11:30:07 [notice] 32#32: gracefully shutting down
2022/11/21 11:30:07 [notice] 31#31: gracefully shutting down
2022/11/21 11:30:07 [notice] 32#32: exiting
2022/11/21 11:30:07 [notice] 31#31: exiting
2022/11/21 11:30:07 [notice] 32#32: exit
2022/11/21 11:30:07 [notice] 31#31: exit
2022/11/21 11:30:07 [notice] 34#34: gracefully shutting down
2022/11/21 11:30:07 [notice] 34#34: exiting
2022/11/21 11:30:07 [notice] 34#34: exit
2022/11/21 11:30:07 [notice] 35#35: gracefully shutting down
2022/11/21 11:30:07 [notice] 35#35: exiting
2022/11/21 11:30:07 [notice] 35#35: exit
2022/11/21 11:30:07 [notice] 1#1: signal 17 (SIGCHLD) received from 30
2022/11/21 11:30:07 [notice] 1#1: worker process 30 exited with code 0
2022/11/21 11:30:07 [notice] 1#1: signal 29 (SIGIO) received
2022/11/21 11:30:07 [notice] 1#1: signal 17 (SIGCHLD) received from 34
2022/11/21 11:30:07 [notice] 1#1: worker process 34 exited with code 0
2022/11/21 11:30:07 [notice] 1#1: signal 29 (SIGIO) received
2022/11/21 11:30:07 [notice] 1#1: signal 17 (SIGCHLD) received from 33
2022/11/21 11:30:07 [notice] 1#1: worker process 33 exited with code 0
2022/11/21 11:30:07 [notice] 1#1: signal 29 (SIGIO) received
2022/11/21 11:30:07 [notice] 1#1: signal 17 (SIGCHLD) received from 35
2022/11/21 11:30:07 [notice] 1#1: worker process 35 exited with code 0
2022/11/21 11:30:07 [notice] 1#1: signal 29 (SIGIO) received
2022/11/21 11:30:07 [notice] 1#1: signal 17 (SIGCHLD) received from 32
2022/11/21 11:30:07 [notice] 1#1: worker process 29 exited with code 0
2022/11/21 11:30:07 [notice] 1#1: worker process 32 exited with code 0
2022/11/21 11:30:07 [notice] 1#1: signal 29 (SIGIO) received
2022/11/21 11:30:07 [notice] 1#1: signal 17 (SIGCHLD) received from 29
2022/11/21 11:30:07 [notice] 1#1: signal 17 (SIGCHLD) received from 31
2022/11/21 11:30:07 [notice] 1#1: worker process 28 exited with code 0
2022/11/21 11:30:07 [notice] 1#1: worker process 31 exited with code 0
2022/11/21 11:30:07 [notice] 1#1: exit
2022/11/21 11:44:40 [notice] 1#1: using the "epoll" event method
2022/11/21 11:44:40 [notice] 1#1: nginx/1.23.2
2022/11/21 11:44:40 [notice] 1#1: built by gcc 10.2.1 20210110 (Debian 10.2.1-6) 
2022/11/21 11:44:40 [notice] 1#1: OS: Linux 5.15.0-53-generic
2022/11/21 11:44:40 [notice] 1#1: getrlimit(RLIMIT_NOFILE): 1048576:1048576
2022/11/21 11:44:40 [notice] 1#1: start worker processes
2022/11/21 11:44:40 [notice] 1#1: start worker process 28
2022/11/21 11:44:40 [notice] 1#1: start worker process 29
2022/11/21 11:44:40 [notice] 1#1: start worker process 30
2022/11/21 11:44:40 [notice] 1#1: start worker process 31
2022/11/21 11:44:40 [notice] 1#1: start worker process 32
2022/11/21 11:44:40 [notice] 1#1: start worker process 33
2022/11/21 11:44:40 [notice] 1#1: start worker process 34
2022/11/21 11:44:40 [notice] 1#1: start worker process 35
2022/11/21 12:00:00 [notice] 1#1: signal 3 (SIGQUIT) received, shutting down
2022/11/21 12:00:00 [notice] 28#28: gracefully shutting down
2022/11/21 12:00:00 [notice] 30#30: gracefully shutting down
2022/11/21 12:00:00 [notice] 31#31: gracefully shutting down
2022/11/21 12:00:00 [notice] 32#32: gracefully shutting down
2022/11/21 12:00:00 [notice] 29#29: gracefully shutting down
2022/11/21 12:00:00 [notice] 33#33: gracefully shutting down
2022/11/21 12:00:00 [notice] 34#34: gracefully shutting down
2022/11/21 12:00:00 [notice] 28#28: exiting
2022/11/21 12:00:00 [notice] 30#30: exiting
2022/11/21 12:00:00 [notice] 31#31: exiting
2022/11/21 12:00:00 [notice] 32#32: exiting
2022/11/21 12:00:00 [notice] 29#29: exiting
2022/11/21 12:00:00 [notice] 33#33: exiting
2022/11/21 12:00:00 [notice] 34#34: exiting
2022/11/21 12:00:00 [notice] 31#31: exit
2022/11/21 12:00:00 [notice] 28#28: exit
2022/11/21 12:00:00 [notice] 30#30: exit
2022/11/21 12:00:00 [notice] 32#32: exit
2022/11/21 12:00:00 [notice] 29#29: exit
2022/11/21 12:00:00 [notice] 33#33: exit
2022/11/21 12:00:00 [notice] 34#34: exit
2022/11/21 12:00:00 [notice] 35#35: gracefully shutting down
2022/11/21 12:00:00 [notice] 35#35: exiting
2022/11/21 12:00:00 [notice] 35#35: exit
2022/11/21 12:00:00 [notice] 1#1: signal 17 (SIGCHLD) received from 28
2022/11/21 12:00:00 [notice] 1#1: worker process 28 exited with code 0
2022/11/21 12:00:00 [notice] 1#1: worker process 29 exited with code 0
2022/11/21 12:00:00 [notice] 1#1: signal 29 (SIGIO) received
2022/11/21 12:00:00 [notice] 1#1: signal 17 (SIGCHLD) received from 29
2022/11/21 12:00:00 [notice] 1#1: signal 17 (SIGCHLD) received from 33
2022/11/21 12:00:00 [notice] 1#1: worker process 33 exited with code 0
2022/11/21 12:00:00 [notice] 1#1: signal 29 (SIGIO) received
2022/11/21 12:00:00 [notice] 1#1: signal 17 (SIGCHLD) received from 32
2022/11/21 12:00:00 [notice] 1#1: worker process 30 exited with code 0
2022/11/21 12:00:00 [notice] 1#1: worker process 32 exited with code 0
2022/11/21 12:00:00 [notice] 1#1: signal 29 (SIGIO) received
2022/11/21 12:00:00 [notice] 1#1: signal 17 (SIGCHLD) received from 35
2022/11/21 12:00:00 [notice] 1#1: worker process 35 exited with code 0
2022/11/21 12:00:00 [notice] 1#1: signal 29 (SIGIO) received
2022/11/21 12:00:00 [notice] 1#1: signal 17 (SIGCHLD) received from 34
2022/11/21 12:00:00 [notice] 1#1: worker process 34 exited with code 0
2022/11/21 12:00:00 [notice] 1#1: signal 17 (SIGCHLD) received from 31
2022/11/21 12:00:00 [notice] 1#1: worker process 31 exited with code 0
2022/11/21 12:00:00 [notice] 1#1: exit
2022/11/21 12:01:44 [notice] 1#1: using the "epoll" event method
2022/11/21 12:01:44 [notice] 1#1: nginx/1.23.2
2022/11/21 12:01:44 [notice] 1#1: built by gcc 10.2.1 20210110 (Debian 10.2.1-6) 
2022/11/21 12:01:44 [notice] 1#1: OS: Linux 5.15.0-53-generic
2022/11/21 12:01:44 [notice] 1#1: getrlimit(RLIMIT_NOFILE): 1048576:1048576
2022/11/21 12:01:44 [notice] 1#1: start worker processes
2022/11/21 12:01:44 [notice] 1#1: start worker process 28
2022/11/21 12:01:44 [notice] 1#1: start worker process 29
2022/11/21 12:01:44 [notice] 1#1: start worker process 30
2022/11/21 12:01:44 [notice] 1#1: start worker process 31
2022/11/21 12:01:44 [notice] 1#1: start worker process 32
2022/11/21 12:01:44 [notice] 1#1: start worker process 33
2022/11/21 12:01:44 [notice] 1#1: start worker process 34
2022/11/21 12:01:44 [notice] 1#1: start worker process 35
2022/11/21 12:02:59 [notice] 1#1: signal 3 (SIGQUIT) received, shutting down
2022/11/21 12:02:59 [notice] 29#29: gracefully shutting down
2022/11/21 12:02:59 [notice] 28#28: gracefully shutting down
2022/11/21 12:02:59 [notice] 30#30: gracefully shutting down
2022/11/21 12:02:59 [notice] 29#29: exiting
2022/11/21 12:02:59 [notice] 35#35: gracefully shutting down
2022/11/21 12:02:59 [notice] 30#30: exiting
2022/11/21 12:02:59 [notice] 35#35: exiting
2022/11/21 12:02:59 [notice] 31#31: gracefully shutting down
2022/11/21 12:02:59 [notice] 28#28: exiting
2022/11/21 12:02:59 [notice] 29#29: exit
2022/11/21 12:02:59 [notice] 30#30: exit
2022/11/21 12:02:59 [notice] 31#31: exiting
2022/11/21 12:02:59 [notice] 35#35: exit
2022/11/21 12:02:59 [notice] 28#28: exit
2022/11/21 12:02:59 [notice] 31#31: exit
2022/11/21 12:02:59 [notice] 34#34: gracefully shutting down
2022/11/21 12:02:59 [notice] 34#34: exiting
2022/11/21 12:02:59 [notice] 34#34: exit
2022/11/21 12:02:59 [notice] 32#32: gracefully shutting down
2022/11/21 12:02:59 [notice] 32#32: exiting
2022/11/21 12:02:59 [notice] 32#32: exit
2022/11/21 12:02:59 [notice] 33#33: gracefully shutting down
2022/11/21 12:02:59 [notice] 33#33: exiting
2022/11/21 12:02:59 [notice] 33#33: exit
2022/11/21 12:02:59 [notice] 1#1: signal 17 (SIGCHLD) received from 30
2022/11/21 12:02:59 [notice] 1#1: worker process 28 exited with code 0
2022/11/21 12:02:59 [notice] 1#1: worker process 29 exited with code 0
2022/11/21 12:02:59 [notice] 1#1: worker process 30 exited with code 0
2022/11/21 12:02:59 [notice] 1#1: worker process 32 exited with code 0
2022/11/21 12:02:59 [notice] 1#1: worker process 35 exited with code 0
2022/11/21 12:02:59 [notice] 1#1: signal 29 (SIGIO) received
2022/11/21 12:02:59 [notice] 1#1: signal 17 (SIGCHLD) received from 35
2022/11/21 12:02:59 [notice] 1#1: signal 17 (SIGCHLD) received from 33
2022/11/21 12:02:59 [notice] 1#1: worker process 33 exited with code 0
2022/11/21 12:02:59 [notice] 1#1: signal 29 (SIGIO) received
2022/11/21 12:02:59 [notice] 1#1: signal 17 (SIGCHLD) received from 31
2022/11/21 12:02:59 [notice] 1#1: worker process 31 exited with code 0
2022/11/21 12:02:59 [notice] 1#1: signal 29 (SIGIO) received
2022/11/21 12:02:59 [notice] 1#1: signal 17 (SIGCHLD) received from 34
2022/11/21 12:02:59 [notice] 1#1: worker process 34 exited with code 0
2022/11/21 12:02:59 [notice] 1#1: exit
2022/11/21 12:03:13 [notice] 1#1: using the "epoll" event method
2022/11/21 12:03:13 [notice] 1#1: nginx/1.23.2
2022/11/21 12:03:13 [notice] 1#1: built by gcc 10.2.1 20210110 (Debian 10.2.1-6) 
2022/11/21 12:03:13 [notice] 1#1: OS: Linux 5.15.0-53-generic
2022/11/21 12:03:13 [notice] 1#1: getrlimit(RLIMIT_NOFILE): 1048576:1048576
2022/11/21 12:03:13 [notice] 1#1: start worker processes
2022/11/21 12:03:13 [notice] 1#1: start worker process 28
2022/11/21 12:03:13 [notice] 1#1: start worker process 29
2022/11/21 12:03:13 [notice] 1#1: start worker process 30
2022/11/21 12:03:13 [notice] 1#1: start worker process 31
2022/11/21 12:03:13 [notice] 1#1: start worker process 32
2022/11/21 12:03:13 [notice] 1#1: start worker process 33
2022/11/21 12:03:13 [notice] 1#1: start worker process 34
2022/11/21 12:03:13 [notice] 1#1: start worker process 35
2022/11/21 12:03:34 [notice] 1#1: signal 3 (SIGQUIT) received, shutting down
2022/11/21 12:03:34 [notice] 28#28: gracefully shutting down
2022/11/21 12:03:34 [notice] 30#30: gracefully shutting down
2022/11/21 12:03:34 [notice] 31#31: gracefully shutting down
2022/11/21 12:03:34 [notice] 29#29: gracefully shutting down
2022/11/21 12:03:34 [notice] 33#33: gracefully shutting down
2022/11/21 12:03:34 [notice] 30#30: exiting
2022/11/21 12:03:34 [notice] 35#35: gracefully shutting down
2022/11/21 12:03:34 [notice] 31#31: exiting
2022/11/21 12:03:34 [notice] 29#29: exiting
2022/11/21 12:03:34 [notice] 33#33: exiting
2022/11/21 12:03:34 [notice] 35#35: exiting
2022/11/21 12:03:34 [notice] 28#28: exiting
2022/11/21 12:03:34 [notice] 31#31: exit
2022/11/21 12:03:34 [notice] 29#29: exit
2022/11/21 12:03:34 [notice] 30#30: exit
2022/11/21 12:03:34 [notice] 33#33: exit
2022/11/21 12:03:34 [notice] 35#35: exit
2022/11/21 12:03:34 [notice] 28#28: exit
2022/11/21 12:03:34 [notice] 32#32: gracefully shutting down
2022/11/21 12:03:34 [notice] 32#32: exiting
2022/11/21 12:03:34 [notice] 32#32: exit
2022/11/21 12:03:34 [notice] 34#34: gracefully shutting down
2022/11/21 12:03:34 [notice] 34#34: exiting
2022/11/21 12:03:34 [notice] 34#34: exit
2022/11/21 12:03:34 [notice] 1#1: signal 17 (SIGCHLD) received from 31
2022/11/21 12:03:34 [notice] 1#1: worker process 31 exited with code 0
2022/11/21 12:03:34 [notice] 1#1: worker process 33 exited with code 0
2022/11/21 12:03:34 [notice] 1#1: signal 29 (SIGIO) received
2022/11/21 12:03:34 [notice] 1#1: signal 17 (SIGCHLD) received from 28
2022/11/21 12:03:34 [notice] 1#1: worker process 28 exited with code 0
2022/11/21 12:03:34 [notice] 1#1: signal 29 (SIGIO) received
2022/11/21 12:03:34 [notice] 1#1: signal 17 (SIGCHLD) received from 34
2022/11/21 12:03:34 [notice] 1#1: worker process 34 exited with code 0
2022/11/21 12:03:34 [notice] 1#1: worker process 35 exited with code 0
2022/11/21 12:03:34 [notice] 1#1: worker process 32 exited with code 0
2022/11/21 12:03:34 [notice] 1#1: signal 29 (SIGIO) received
2022/11/21 12:03:34 [notice] 1#1: signal 17 (SIGCHLD) received from 35
2022/11/21 12:03:34 [notice] 1#1: signal 17 (SIGCHLD) received from 30
2022/11/21 12:03:34 [notice] 1#1: worker process 30 exited with code 0
2022/11/21 12:03:34 [notice] 1#1: signal 29 (SIGIO) received
2022/11/21 12:03:34 [notice] 1#1: signal 17 (SIGCHLD) received from 29
2022/11/21 12:03:34 [notice] 1#1: worker process 29 exited with code 0
2022/11/21 12:03:34 [notice] 1#1: exit
2022/11/21 12:05:19 [notice] 1#1: using the "epoll" event method
2022/11/21 12:05:19 [notice] 1#1: nginx/1.23.2
2022/11/21 12:05:19 [notice] 1#1: built by gcc 10.2.1 20210110 (Debian 10.2.1-6) 
2022/11/21 12:05:19 [notice] 1#1: OS: Linux 5.15.0-53-generic
2022/11/21 12:05:19 [notice] 1#1: getrlimit(RLIMIT_NOFILE): 1048576:1048576
2022/11/21 12:05:19 [notice] 1#1: start worker processes
2022/11/21 12:05:19 [notice] 1#1: start worker process 28
2022/11/21 12:05:19 [notice] 1#1: start worker process 29
2022/11/21 12:05:19 [notice] 1#1: start worker process 30
2022/11/21 12:05:19 [notice] 1#1: start worker process 31
2022/11/21 12:05:19 [notice] 1#1: start worker process 32
2022/11/21 12:05:19 [notice] 1#1: start worker process 33
2022/11/21 12:05:19 [notice] 1#1: start worker process 34
2022/11/21 12:05:19 [notice] 1#1: start worker process 35
2022/11/21 12:11:20 [notice] 1#1: signal 3 (SIGQUIT) received, shutting down
2022/11/21 12:11:20 [notice] 28#28: gracefully shutting down
2022/11/21 12:11:20 [notice] 29#29: gracefully shutting down
2022/11/21 12:11:20 [notice] 28#28: exiting
2022/11/21 12:11:20 [notice] 32#32: gracefully shutting down
2022/11/21 12:11:20 [notice] 29#29: exiting
2022/11/21 12:11:20 [notice] 34#34: gracefully shutting down
2022/11/21 12:11:20 [notice] 32#32: exiting
2022/11/21 12:11:20 [notice] 34#34: exiting
2022/11/21 12:11:20 [notice] 28#28: exit
2022/11/21 12:11:20 [notice] 32#32: exit
2022/11/21 12:11:20 [notice] 29#29: exit
2022/11/21 12:11:20 [notice] 34#34: exit
2022/11/21 12:11:20 [notice] 31#31: gracefully shutting down
2022/11/21 12:11:20 [notice] 31#31: exiting
2022/11/21 12:11:20 [notice] 31#31: exit
2022/11/21 12:11:20 [notice] 33#33: gracefully shutting down
2022/11/21 12:11:20 [notice] 35#35: gracefully shutting down
2022/11/21 12:11:20 [notice] 35#35: exiting
2022/11/21 12:11:20 [notice] 35#35: exit
2022/11/21 12:11:20 [notice] 30#30: gracefully shutting down
2022/11/21 12:11:20 [notice] 30#30: exiting
2022/11/21 12:11:20 [notice] 30#30: exit
2022/11/21 12:11:20 [notice] 33#33: exiting
2022/11/21 12:11:20 [notice] 33#33: exit
2022/11/21 12:11:20 [notice] 1#1: signal 17 (SIGCHLD) received from 34
2022/11/21 12:11:20 [notice] 1#1: worker process 29 exited with code 0
2022/11/21 12:11:20 [notice] 1#1: worker process 34 exited with code 0
2022/11/21 12:11:20 [notice] 1#1: signal 29 (SIGIO) received
2022/11/21 12:11:20 [notice] 1#1: signal 17 (SIGCHLD) received from 29
2022/11/21 12:11:20 [notice] 1#1: signal 17 (SIGCHLD) received from 32
2022/11/21 12:11:20 [notice] 1#1: worker process 32 exited with code 0
2022/11/21 12:11:20 [notice] 1#1: signal 29 (SIGIO) received
2022/11/21 12:11:20 [notice] 1#1: signal 17 (SIGCHLD) received from 31
2022/11/21 12:11:20 [notice] 1#1: worker process 30 exited with code 0
2022/11/21 12:11:20 [notice] 1#1: worker process 31 exited with code 0
2022/11/21 12:11:20 [notice] 1#1: signal 29 (SIGIO) received
2022/11/21 12:11:20 [notice] 1#1: signal 17 (SIGCHLD) received from 30
2022/11/21 12:11:20 [notice] 1#1: signal 17 (SIGCHLD) received from 35
2022/11/21 12:11:20 [notice] 1#1: worker process 35 exited with code 0
2022/11/21 12:11:20 [notice] 1#1: signal 29 (SIGIO) received
2022/11/21 12:11:20 [notice] 1#1: signal 17 (SIGCHLD) received from 33
2022/11/21 12:11:20 [notice] 1#1: worker process 33 exited with code 0
2022/11/21 12:11:20 [notice] 1#1: signal 17 (SIGCHLD) received from 28
2022/11/21 12:11:20 [notice] 1#1: worker process 28 exited with code 0
2022/11/21 12:11:20 [notice] 1#1: exit
2022/11/21 12:11:35 [notice] 1#1: using the "epoll" event method
2022/11/21 12:11:35 [notice] 1#1: nginx/1.23.2
2022/11/21 12:11:35 [notice] 1#1: built by gcc 10.2.1 20210110 (Debian 10.2.1-6) 
2022/11/21 12:11:35 [notice] 1#1: OS: Linux 5.15.0-53-generic
2022/11/21 12:11:35 [notice] 1#1: getrlimit(RLIMIT_NOFILE): 1048576:1048576
2022/11/21 12:11:35 [notice] 1#1: start worker processes
2022/11/21 12:11:35 [notice] 1#1: start worker process 28
2022/11/21 12:11:35 [notice] 1#1: start worker process 29
2022/11/21 12:11:35 [notice] 1#1: start worker process 30
2022/11/21 12:11:35 [notice] 1#1: start worker process 31
2022/11/21 12:11:35 [notice] 1#1: start worker process 32
2022/11/21 12:11:35 [notice] 1#1: start worker process 33
2022/11/21 12:11:35 [notice] 1#1: start worker process 34
2022/11/21 12:11:35 [notice] 1#1: start worker process 35
2022/11/21 13:16:38 [notice] 1#1: signal 3 (SIGQUIT) received, shutting down
2022/11/21 13:16:38 [notice] 28#28: gracefully shutting down
2022/11/21 13:16:38 [notice] 29#29: gracefully shutting down
2022/11/21 13:16:38 [notice] 31#31: gracefully shutting down
2022/11/21 13:16:38 [notice] 28#28: exiting
2022/11/21 13:16:38 [notice] 30#30: gracefully shutting down
2022/11/21 13:16:38 [notice] 29#29: exiting
2022/11/21 13:16:38 [notice] 34#34: gracefully shutting down
2022/11/21 13:16:38 [notice] 31#31: exiting
2022/11/21 13:16:38 [notice] 29#29: exit
2022/11/21 13:16:38 [notice] 28#28: exit
2022/11/21 13:16:38 [notice] 31#31: exit
2022/11/21 13:16:38 [notice] 30#30: exiting
2022/11/21 13:16:38 [notice] 32#32: gracefully shutting down
2022/11/21 13:16:38 [notice] 35#35: gracefully shutting down
2022/11/21 13:16:38 [notice] 32#32: exiting
2022/11/21 13:16:38 [notice] 35#35: exiting
2022/11/21 13:16:38 [notice] 30#30: exit
2022/11/21 13:16:38 [notice] 32#32: exit
2022/11/21 13:16:38 [notice] 35#35: exit
2022/11/21 13:16:38 [notice] 34#34: exiting
2022/11/21 13:16:38 [notice] 33#33: gracefully shutting down
2022/11/21 13:16:38 [notice] 33#33: exiting
2022/11/21 13:16:38 [notice] 34#34: exit
2022/11/21 13:16:38 [notice] 33#33: exit
2022/11/21 13:16:38 [notice] 1#1: signal 17 (SIGCHLD) received from 34
2022/11/21 13:16:38 [notice] 1#1: worker process 30 exited with code 0
2022/11/21 13:16:38 [notice] 1#1: worker process 31 exited with code 0
2022/11/21 13:16:38 [notice] 1#1: worker process 34 exited with code 0
2022/11/21 13:16:38 [notice] 1#1: signal 29 (SIGIO) received
2022/11/21 13:16:38 [notice] 1#1: signal 17 (SIGCHLD) received from 30
2022/11/21 13:16:38 [notice] 1#1: signal 17 (SIGCHLD) received from 33
2022/11/21 13:16:38 [notice] 1#1: worker process 32 exited with code 0
2022/11/21 13:16:38 [notice] 1#1: worker process 28 exited with code 0
2022/11/21 13:16:38 [notice] 1#1: worker process 33 exited with code 0
2022/11/21 13:16:38 [notice] 1#1: signal 29 (SIGIO) received
2022/11/21 13:16:38 [notice] 1#1: signal 17 (SIGCHLD) received from 28
2022/11/21 13:16:38 [notice] 1#1: signal 17 (SIGCHLD) received from 29
2022/11/21 13:16:38 [notice] 1#1: worker process 29 exited with code 0
2022/11/21 13:16:38 [notice] 1#1: worker process 35 exited with code 0
2022/11/21 13:16:38 [notice] 1#1: exit
2022/11/21 13:18:37 [notice] 1#1: using the "epoll" event method
2022/11/21 13:18:37 [notice] 1#1: nginx/1.23.2
2022/11/21 13:18:37 [notice] 1#1: built by gcc 10.2.1 20210110 (Debian 10.2.1-6) 
2022/11/21 13:18:37 [notice] 1#1: OS: Linux 5.15.0-53-generic
2022/11/21 13:18:37 [notice] 1#1: getrlimit(RLIMIT_NOFILE): 1048576:1048576
2022/11/21 13:18:37 [notice] 1#1: start worker processes
2022/11/21 13:18:37 [notice] 1#1: start worker process 28
2022/11/21 13:18:37 [notice] 1#1: start worker process 29
2022/11/21 13:18:37 [notice] 1#1: start worker process 30
2022/11/21 13:18:37 [notice] 1#1: start worker process 31
2022/11/21 13:18:37 [notice] 1#1: start worker process 32
2022/11/21 13:18:37 [notice] 1#1: start worker process 33
2022/11/21 13:18:37 [notice] 1#1: start worker process 34
2022/11/21 13:18:37 [notice] 1#1: start worker process 35
2022/11/21 13:27:43 [notice] 1#1: signal 3 (SIGQUIT) received, shutting down
2022/11/21 13:27:43 [notice] 29#29: gracefully shutting down
2022/11/21 13:27:43 [notice] 28#28: gracefully shutting down
2022/11/21 13:27:43 [notice] 31#31: gracefully shutting down
2022/11/21 13:27:43 [notice] 29#29: exiting
2022/11/21 13:27:43 [notice] 30#30: gracefully shutting down
2022/11/21 13:27:43 [notice] 33#33: gracefully shutting down
2022/11/21 13:27:43 [notice] 28#28: exiting
2022/11/21 13:27:43 [notice] 34#34: gracefully shutting down
2022/11/21 13:27:43 [notice] 31#31: exiting
2022/11/21 13:27:43 [notice] 35#35: gracefully shutting down
2022/11/21 13:27:43 [notice] 30#30: exiting
2022/11/21 13:27:43 [notice] 33#33: exiting
2022/11/21 13:27:43 [notice] 34#34: exiting
2022/11/21 13:27:43 [notice] 35#35: exiting
2022/11/21 13:27:43 [notice] 29#29: exit
2022/11/21 13:27:43 [notice] 28#28: exit
2022/11/21 13:27:43 [notice] 31#31: exit
2022/11/21 13:27:43 [notice] 33#33: exit
2022/11/21 13:27:43 [notice] 30#30: exit
2022/11/21 13:27:43 [notice] 34#34: exit
2022/11/21 13:27:43 [notice] 35#35: exit
2022/11/21 13:27:43 [notice] 32#32: gracefully shutting down
2022/11/21 13:27:43 [notice] 32#32: exiting
2022/11/21 13:27:43 [notice] 32#32: exit
2022/11/21 13:27:43 [notice] 1#1: signal 17 (SIGCHLD) received from 33
2022/11/21 13:27:43 [notice] 1#1: worker process 33 exited with code 0
2022/11/21 13:27:43 [notice] 1#1: signal 29 (SIGIO) received
2022/11/21 13:27:43 [notice] 1#1: signal 17 (SIGCHLD) received from 31
2022/11/21 13:27:43 [notice] 1#1: worker process 31 exited with code 0
2022/11/21 13:27:43 [notice] 1#1: signal 29 (SIGIO) received
2022/11/21 13:27:43 [notice] 1#1: signal 17 (SIGCHLD) received from 32
2022/11/21 13:27:43 [notice] 1#1: worker process 29 exited with code 0
2022/11/21 13:27:43 [notice] 1#1: worker process 32 exited with code 0
2022/11/21 13:27:43 [notice] 1#1: worker process 35 exited with code 0
2022/11/21 13:27:43 [notice] 1#1: signal 29 (SIGIO) received
2022/11/21 13:27:43 [notice] 1#1: signal 17 (SIGCHLD) received from 35
2022/11/21 13:27:43 [notice] 1#1: signal 17 (SIGCHLD) received from 30
2022/11/21 13:27:43 [notice] 1#1: worker process 30 exited with code 0
2022/11/21 13:27:43 [notice] 1#1: signal 29 (SIGIO) received
2022/11/21 13:27:43 [notice] 1#1: signal 17 (SIGCHLD) received from 28
2022/11/21 13:27:43 [notice] 1#1: worker process 28 exited with code 0
2022/11/21 13:27:43 [notice] 1#1: signal 29 (SIGIO) received
2022/11/21 13:27:43 [notice] 1#1: signal 17 (SIGCHLD) received from 34
2022/11/21 13:27:43 [notice] 1#1: worker process 34 exited with code 0
2022/11/21 13:27:43 [notice] 1#1: exit
2022/11/21 13:28:03 [notice] 1#1: using the "epoll" event method
2022/11/21 13:28:03 [notice] 1#1: nginx/1.23.2
2022/11/21 13:28:03 [notice] 1#1: built by gcc 10.2.1 20210110 (Debian 10.2.1-6) 
2022/11/21 13:28:03 [notice] 1#1: OS: Linux 5.15.0-53-generic
2022/11/21 13:28:03 [notice] 1#1: getrlimit(RLIMIT_NOFILE): 1048576:1048576
2022/11/21 13:28:03 [notice] 1#1: start worker processes
2022/11/21 13:28:03 [notice] 1#1: start worker process 28
2022/11/21 13:28:03 [notice] 1#1: start worker process 29
2022/11/21 13:28:03 [notice] 1#1: start worker process 30
2022/11/21 13:28:03 [notice] 1#1: start worker process 31
2022/11/21 13:28:03 [notice] 1#1: start worker process 32
2022/11/21 13:28:03 [notice] 1#1: start worker process 33
2022/11/21 13:28:03 [notice] 1#1: start worker process 34
2022/11/21 13:28:03 [notice] 1#1: start worker process 35
2022/11/21 14:20:26 [notice] 1#1: signal 3 (SIGQUIT) received, shutting down
2022/11/21 14:20:26 [notice] 33#33: gracefully shutting down
2022/11/21 14:20:26 [notice] 33#33: exiting
2022/11/21 14:20:26 [notice] 33#33: exit
2022/11/21 14:20:26 [notice] 30#30: gracefully shutting down
2022/11/21 14:20:26 [notice] 30#30: exiting
2022/11/21 14:20:26 [notice] 30#30: exit
2022/11/21 14:20:26 [notice] 31#31: gracefully shutting down
2022/11/21 14:20:26 [notice] 31#31: exiting
2022/11/21 14:20:26 [notice] 34#34: gracefully shutting down
2022/11/21 14:20:26 [notice] 34#34: exiting
2022/11/21 14:20:26 [notice] 34#34: exit
2022/11/21 14:20:26 [notice] 31#31: exit
2022/11/21 14:20:26 [notice] 35#35: gracefully shutting down
2022/11/21 14:20:26 [notice] 35#35: exiting
2022/11/21 14:20:26 [notice] 35#35: exit
2022/11/21 14:20:26 [notice] 32#32: gracefully shutting down
2022/11/21 14:20:26 [notice] 32#32: exiting
2022/11/21 14:20:26 [notice] 32#32: exit
2022/11/21 14:20:26 [notice] 28#28: gracefully shutting down
2022/11/21 14:20:26 [notice] 28#28: exiting
2022/11/21 14:20:26 [notice] 28#28: exit
2022/11/21 14:20:26 [notice] 29#29: gracefully shutting down
2022/11/21 14:20:26 [notice] 29#29: exiting
2022/11/21 14:20:26 [notice] 29#29: exit
2022/11/21 14:20:26 [notice] 1#1: signal 17 (SIGCHLD) received from 32
2022/11/21 14:20:26 [notice] 1#1: worker process 32 exited with code 0
2022/11/21 14:20:26 [notice] 1#1: signal 29 (SIGIO) received
2022/11/21 14:20:26 [notice] 1#1: signal 17 (SIGCHLD) received from 29
2022/11/21 14:20:26 [notice] 1#1: worker process 29 exited with code 0
2022/11/21 14:20:26 [notice] 1#1: worker process 28 exited with code 0
2022/11/21 14:20:26 [notice] 1#1: signal 29 (SIGIO) received
2022/11/21 14:20:26 [notice] 1#1: signal 17 (SIGCHLD) received from 28
2022/11/21 14:20:26 [notice] 1#1: signal 17 (SIGCHLD) received from 34
2022/11/21 14:20:26 [notice] 1#1: worker process 30 exited with code 0
2022/11/21 14:20:26 [notice] 1#1: worker process 31 exited with code 0
2022/11/21 14:20:26 [notice] 1#1: worker process 33 exited with code 0
2022/11/21 14:20:26 [notice] 1#1: worker process 34 exited with code 0
2022/11/21 14:20:26 [notice] 1#1: signal 29 (SIGIO) received
2022/11/21 14:20:26 [notice] 1#1: signal 17 (SIGCHLD) received from 31
2022/11/21 14:20:26 [notice] 1#1: signal 17 (SIGCHLD) received from 35
2022/11/21 14:20:26 [notice] 1#1: worker process 35 exited with code 0
2022/11/21 14:20:26 [notice] 1#1: exit
2022/11/21 14:27:09 [notice] 1#1: using the "epoll" event method
2022/11/21 14:27:09 [notice] 1#1: nginx/1.23.2
2022/11/21 14:27:09 [notice] 1#1: built by gcc 10.2.1 20210110 (Debian 10.2.1-6) 
2022/11/21 14:27:09 [notice] 1#1: OS: Linux 5.15.0-53-generic
2022/11/21 14:27:09 [notice] 1#1: getrlimit(RLIMIT_NOFILE): 1048576:1048576
2022/11/21 14:27:09 [notice] 1#1: start worker processes
2022/11/21 14:27:09 [notice] 1#1: start worker process 28
2022/11/21 14:27:09 [notice] 1#1: start worker process 29
2022/11/21 14:27:09 [notice] 1#1: start worker process 30
2022/11/21 14:27:09 [notice] 1#1: start worker process 31
2022/11/21 14:27:09 [notice] 1#1: start worker process 32
2022/11/21 14:27:09 [notice] 1#1: start worker process 33
2022/11/21 14:27:09 [notice] 1#1: start worker process 34
2022/11/21 14:27:09 [notice] 1#1: start worker process 35
2022/11/21 14:35:48 [error] 28#28: *1 FastCGI sent in stderr: "PHP message: 2022-11-21T14:35:48+00:00 [critical] Uncaught Exception: Unable to write in the "cache" directory (/var/www/ishop/var/cache/dev)" while reading upstream, client: 192.168.208.1, server: localhost, request: "GET / HTTP/1.1", upstream: "fastcgi://192.168.208.4:9000", host: "localhost:8000"
2022/11/21 14:37:30 [error] 29#29: *3 FastCGI sent in stderr: "PHP message: 2022-11-21T14:37:30+00:00 [critical] Uncaught Exception: Unable to write in the "cache" directory (/var/www/ishop/var/cache/dev)" while reading upstream, client: 192.168.208.1, server: localhost, request: "GET / HTTP/1.1", upstream: "fastcgi://192.168.208.4:9000", host: "localhost:8000"
2022/11/21 17:30:00 [notice] 1#1: signal 3 (SIGQUIT) received, shutting down
2022/11/21 17:30:00 [notice] 33#33: gracefully shutting down
2022/11/21 17:30:00 [notice] 30#30: gracefully shutting down
2022/11/21 17:30:00 [notice] 33#33: exiting
2022/11/21 17:30:00 [notice] 30#30: exiting
2022/11/21 17:30:00 [notice] 30#30: exit
2022/11/21 17:30:00 [notice] 33#33: exit
2022/11/21 17:30:00 [notice] 31#31: gracefully shutting down
2022/11/21 17:30:00 [notice] 31#31: exiting
2022/11/21 17:30:00 [notice] 31#31: exit
2022/11/21 17:30:00 [notice] 32#32: gracefully shutting down
2022/11/21 17:30:00 [notice] 32#32: exiting
2022/11/21 17:30:00 [notice] 32#32: exit
2022/11/21 17:30:00 [notice] 34#34: gracefully shutting down
2022/11/21 17:30:00 [notice] 34#34: exiting
2022/11/21 17:30:00 [notice] 34#34: exit
2022/11/21 17:30:00 [notice] 28#28: gracefully shutting down
2022/11/21 17:30:00 [notice] 28#28: exiting
2022/11/21 17:30:00 [notice] 28#28: exit
2022/11/21 17:30:00 [notice] 35#35: gracefully shutting down
2022/11/21 17:30:00 [notice] 35#35: exiting
2022/11/21 17:30:00 [notice] 35#35: exit
2022/11/21 17:30:00 [notice] 29#29: gracefully shutting down
2022/11/21 17:30:00 [notice] 29#29: exiting
2022/11/21 17:30:00 [notice] 29#29: exit
2022/11/21 17:30:00 [notice] 1#1: signal 17 (SIGCHLD) received from 31
2022/11/21 17:30:00 [notice] 1#1: worker process 28 exited with code 0
2022/11/21 17:30:00 [notice] 1#1: worker process 29 exited with code 0
2022/11/21 17:30:00 [notice] 1#1: worker process 30 exited with code 0
2022/11/21 17:30:00 [notice] 1#1: worker process 31 exited with code 0
2022/11/21 17:30:00 [notice] 1#1: worker process 32 exited with code 0
2022/11/21 17:30:00 [notice] 1#1: worker process 33 exited with code 0
2022/11/21 17:30:00 [notice] 1#1: worker process 34 exited with code 0
2022/11/21 17:30:00 [notice] 1#1: worker process 35 exited with code 0
2022/11/21 17:30:00 [notice] 1#1: exit
2022/11/22 07:32:22 [notice] 1#1: using the "epoll" event method
2022/11/22 07:32:22 [notice] 1#1: nginx/1.23.2
2022/11/22 07:32:22 [notice] 1#1: built by gcc 10.2.1 20210110 (Debian 10.2.1-6) 
2022/11/22 07:32:22 [notice] 1#1: OS: Linux 5.15.0-53-generic
2022/11/22 07:32:22 [notice] 1#1: getrlimit(RLIMIT_NOFILE): 1048576:1048576
2022/11/22 07:32:22 [notice] 1#1: start worker processes
2022/11/22 07:32:22 [notice] 1#1: start worker process 28
2022/11/22 07:32:22 [notice] 1#1: start worker process 29
2022/11/22 07:32:22 [notice] 1#1: start worker process 30
2022/11/22 07:32:22 [notice] 1#1: start worker process 31
2022/11/22 07:32:22 [notice] 1#1: start worker process 32
2022/11/22 07:32:22 [notice] 1#1: start worker process 33
2022/11/22 07:32:22 [notice] 1#1: start worker process 34
2022/11/22 07:32:22 [notice] 1#1: start worker process 35
2022/11/22 18:00:00 [notice] 1#1: signal 3 (SIGQUIT) received, shutting down
2022/11/22 18:00:00 [notice] 28#28: gracefully shutting down
2022/11/22 18:00:00 [notice] 29#29: gracefully shutting down
2022/11/22 18:00:00 [notice] 30#30: gracefully shutting down
2022/11/22 18:00:00 [notice] 31#31: gracefully shutting down
2022/11/22 18:00:00 [notice] 32#32: gracefully shutting down
2022/11/22 18:00:00 [notice] 33#33: gracefully shutting down
2022/11/22 18:00:00 [notice] 28#28: exiting
2022/11/22 18:00:00 [notice] 29#29: exiting
2022/11/22 18:00:00 [notice] 30#30: exiting
2022/11/22 18:00:00 [notice] 31#31: exiting
2022/11/22 18:00:00 [notice] 32#32: exiting
2022/11/22 18:00:00 [notice] 33#33: exiting
2022/11/22 18:00:00 [notice] 29#29: exit
2022/11/22 18:00:00 [notice] 30#30: exit
2022/11/22 18:00:00 [notice] 28#28: exit
2022/11/22 18:00:00 [notice] 31#31: exit
2022/11/22 18:00:00 [notice] 33#33: exit
2022/11/22 18:00:00 [notice] 32#32: exit
2022/11/22 18:00:00 [notice] 35#35: gracefully shutting down
2022/11/22 18:00:00 [notice] 34#34: gracefully shutting down
2022/11/22 18:00:00 [notice] 35#35: exiting
2022/11/22 18:00:00 [notice] 34#34: exiting
2022/11/22 18:00:00 [notice] 35#35: exit
2022/11/22 18:00:00 [notice] 34#34: exit
2022/11/22 18:00:00 [notice] 1#1: signal 17 (SIGCHLD) received from 34
2022/11/22 18:00:00 [notice] 1#1: worker process 34 exited with code 0
2022/11/22 18:00:00 [notice] 1#1: worker process 29 exited with code 0
2022/11/22 18:00:00 [notice] 1#1: worker process 33 exited with code 0
2022/11/22 18:00:00 [notice] 1#1: signal 29 (SIGIO) received
2022/11/22 18:00:00 [notice] 1#1: signal 17 (SIGCHLD) received from 33
2022/11/22 18:00:00 [notice] 1#1: signal 17 (SIGCHLD) received from 28
2022/11/22 18:00:00 [notice] 1#1: worker process 28 exited with code 0
2022/11/22 18:00:00 [notice] 1#1: signal 29 (SIGIO) received
2022/11/22 18:00:00 [notice] 1#1: signal 17 (SIGCHLD) received from 31
2022/11/22 18:00:00 [notice] 1#1: worker process 31 exited with code 0
2022/11/22 18:00:00 [notice] 1#1: signal 29 (SIGIO) received
2022/11/22 18:00:00 [notice] 1#1: signal 17 (SIGCHLD) received from 32
2022/11/22 18:00:00 [notice] 1#1: worker process 32 exited with code 0
2022/11/22 18:00:00 [notice] 1#1: signal 29 (SIGIO) received
2022/11/22 18:00:00 [notice] 1#1: signal 17 (SIGCHLD) received from 35
2022/11/22 18:00:00 [notice] 1#1: worker process 35 exited with code 0
2022/11/22 18:00:00 [notice] 1#1: signal 29 (SIGIO) received
2022/11/22 18:00:00 [notice] 1#1: signal 17 (SIGCHLD) received from 30
2022/11/22 18:00:00 [notice] 1#1: worker process 30 exited with code 0
2022/11/22 18:00:00 [notice] 1#1: exit
2022/11/23 06:54:13 [notice] 1#1: using the "epoll" event method
2022/11/23 06:54:13 [notice] 1#1: nginx/1.23.2
2022/11/23 06:54:13 [notice] 1#1: built by gcc 10.2.1 20210110 (Debian 10.2.1-6) 
2022/11/23 06:54:13 [notice] 1#1: OS: Linux 5.15.0-53-generic
2022/11/23 06:54:13 [notice] 1#1: getrlimit(RLIMIT_NOFILE): 1048576:1048576
2022/11/23 06:54:13 [notice] 1#1: start worker processes
2022/11/23 06:54:13 [notice] 1#1: start worker process 28
2022/11/23 06:54:13 [notice] 1#1: start worker process 29
2022/11/23 06:54:13 [notice] 1#1: start worker process 30
2022/11/23 06:54:13 [notice] 1#1: start worker process 31
2022/11/23 06:54:13 [notice] 1#1: start worker process 32
2022/11/23 06:54:13 [notice] 1#1: start worker process 33
2022/11/23 06:54:13 [notice] 1#1: start worker process 34
2022/11/23 06:54:13 [notice] 1#1: start worker process 35
2022/11/23 06:54:28 [notice] 1#1: signal 3 (SIGQUIT) received, shutting down
2022/11/23 06:54:28 [notice] 29#29: gracefully shutting down
2022/11/23 06:54:28 [notice] 28#28: gracefully shutting down
2022/11/23 06:54:28 [notice] 30#30: gracefully shutting down
2022/11/23 06:54:28 [notice] 31#31: gracefully shutting down
2022/11/23 06:54:28 [notice] 32#32: gracefully shutting down
2022/11/23 06:54:28 [notice] 29#29: exiting
2022/11/23 06:54:28 [notice] 33#33: gracefully shutting down
2022/11/23 06:54:28 [notice] 28#28: exiting
2022/11/23 06:54:28 [notice] 30#30: exiting
2022/11/23 06:54:28 [notice] 31#31: exiting
2022/11/23 06:54:28 [notice] 32#32: exiting
2022/11/23 06:54:28 [notice] 33#33: exiting
2022/11/23 06:54:28 [notice] 31#31: exit
2022/11/23 06:54:28 [notice] 30#30: exit
2022/11/23 06:54:28 [notice] 29#29: exit
2022/11/23 06:54:28 [notice] 28#28: exit
2022/11/23 06:54:28 [notice] 33#33: exit
2022/11/23 06:54:28 [notice] 32#32: exit
2022/11/23 06:54:28 [notice] 34#34: gracefully shutting down
2022/11/23 06:54:28 [notice] 34#34: exiting
2022/11/23 06:54:28 [notice] 34#34: exit
2022/11/23 06:54:28 [notice] 35#35: gracefully shutting down
2022/11/23 06:54:28 [notice] 35#35: exiting
2022/11/23 06:54:28 [notice] 35#35: exit
2022/11/23 06:54:28 [notice] 1#1: signal 17 (SIGCHLD) received from 32
2022/11/23 06:54:28 [notice] 1#1: worker process 32 exited with code 0
2022/11/23 06:54:28 [notice] 1#1: worker process 33 exited with code 0
2022/11/23 06:54:28 [notice] 1#1: signal 29 (SIGIO) received
2022/11/23 06:54:28 [notice] 1#1: signal 17 (SIGCHLD) received from 30
2022/11/23 06:54:28 [notice] 1#1: worker process 30 exited with code 0
2022/11/23 06:54:28 [notice] 1#1: signal 29 (SIGIO) received
2022/11/23 06:54:28 [notice] 1#1: signal 17 (SIGCHLD) received from 35
2022/11/23 06:54:28 [notice] 1#1: worker process 35 exited with code 0
2022/11/23 06:54:28 [notice] 1#1: signal 29 (SIGIO) received
2022/11/23 06:54:28 [notice] 1#1: signal 17 (SIGCHLD) received from 31
2022/11/23 06:54:28 [notice] 1#1: worker process 29 exited with code 0
2022/11/23 06:54:28 [notice] 1#1: worker process 31 exited with code 0
2022/11/23 06:54:28 [notice] 1#1: signal 29 (SIGIO) received
2022/11/23 06:54:28 [notice] 1#1: signal 17 (SIGCHLD) received from 29
2022/11/23 06:54:28 [notice] 1#1: signal 17 (SIGCHLD) received from 28
2022/11/23 06:54:28 [notice] 1#1: worker process 28 exited with code 0
2022/11/23 06:54:28 [notice] 1#1: signal 29 (SIGIO) received
2022/11/23 06:54:29 [notice] 1#1: signal 17 (SIGCHLD) received from 34
2022/11/23 06:54:29 [notice] 1#1: worker process 34 exited with code 0
2022/11/23 06:54:29 [notice] 1#1: exit
2022/11/23 06:54:42 [notice] 1#1: using the "epoll" event method
2022/11/23 06:54:42 [notice] 1#1: nginx/1.23.2
2022/11/23 06:54:42 [notice] 1#1: built by gcc 10.2.1 20210110 (Debian 10.2.1-6) 
2022/11/23 06:54:42 [notice] 1#1: OS: Linux 5.15.0-53-generic
2022/11/23 06:54:42 [notice] 1#1: getrlimit(RLIMIT_NOFILE): 1048576:1048576
2022/11/23 06:54:42 [notice] 1#1: start worker processes
2022/11/23 06:54:42 [notice] 1#1: start worker process 28
2022/11/23 06:54:42 [notice] 1#1: start worker process 29
2022/11/23 06:54:42 [notice] 1#1: start worker process 30
2022/11/23 06:54:42 [notice] 1#1: start worker process 31
2022/11/23 06:54:42 [notice] 1#1: start worker process 32
2022/11/23 06:54:42 [notice] 1#1: start worker process 33
2022/11/23 06:54:42 [notice] 1#1: start worker process 34
2022/11/23 06:54:42 [notice] 1#1: start worker process 35
2022/11/23 07:43:56 [notice] 1#1: signal 3 (SIGQUIT) received, shutting down
2022/11/23 07:43:56 [notice] 30#30: gracefully shutting down
2022/11/23 07:43:56 [notice] 28#28: gracefully shutting down
2022/11/23 07:43:56 [notice] 31#31: gracefully shutting down
2022/11/23 07:43:56 [notice] 32#32: gracefully shutting down
2022/11/23 07:43:56 [notice] 30#30: exiting
2022/11/23 07:43:56 [notice] 33#33: gracefully shutting down
2022/11/23 07:43:56 [notice] 35#35: gracefully shutting down
2022/11/23 07:43:56 [notice] 28#28: exiting
2022/11/23 07:43:56 [notice] 31#31: exiting
2022/11/23 07:43:56 [notice] 32#32: exiting
2022/11/23 07:43:56 [notice] 33#33: exiting
2022/11/23 07:43:56 [notice] 35#35: exiting
2022/11/23 07:43:56 [notice] 29#29: gracefully shutting down
2022/11/23 07:43:56 [notice] 30#30: exit
2022/11/23 07:43:56 [notice] 29#29: exiting
2022/11/23 07:43:56 [notice] 28#28: exit
2022/11/23 07:43:56 [notice] 31#31: exit
2022/11/23 07:43:56 [notice] 32#32: exit
2022/11/23 07:43:56 [notice] 35#35: exit
2022/11/23 07:43:56 [notice] 33#33: exit
2022/11/23 07:43:56 [notice] 29#29: exit
2022/11/23 07:43:56 [notice] 34#34: gracefully shutting down
2022/11/23 07:43:56 [notice] 34#34: exiting
2022/11/23 07:43:56 [notice] 34#34: exit
2022/11/23 07:43:56 [notice] 1#1: signal 17 (SIGCHLD) received from 33
2022/11/23 07:43:56 [notice] 1#1: worker process 33 exited with code 0
2022/11/23 07:43:56 [notice] 1#1: signal 29 (SIGIO) received
2022/11/23 07:43:56 [notice] 1#1: signal 17 (SIGCHLD) received from 35
2022/11/23 07:43:56 [notice] 1#1: worker process 35 exited with code 0
2022/11/23 07:43:56 [notice] 1#1: signal 29 (SIGIO) received
2022/11/23 07:43:56 [notice] 1#1: signal 17 (SIGCHLD) received from 30
2022/11/23 07:43:56 [notice] 1#1: worker process 30 exited with code 0
2022/11/23 07:43:56 [notice] 1#1: signal 29 (SIGIO) received
2022/11/23 07:43:56 [notice] 1#1: signal 17 (SIGCHLD) received from 31
2022/11/23 07:43:56 [notice] 1#1: worker process 29 exited with code 0
2022/11/23 07:43:56 [notice] 1#1: worker process 31 exited with code 0
2022/11/23 07:43:56 [notice] 1#1: signal 29 (SIGIO) received
2022/11/23 07:43:56 [notice] 1#1: signal 17 (SIGCHLD) received from 34
2022/11/23 07:43:56 [notice] 1#1: worker process 28 exited with code 0
2022/11/23 07:43:56 [notice] 1#1: worker process 34 exited with code 0
2022/11/23 07:43:56 [notice] 1#1: signal 29 (SIGIO) received
2022/11/23 07:43:56 [notice] 1#1: signal 17 (SIGCHLD) received from 28
2022/11/23 07:43:56 [notice] 1#1: signal 17 (SIGCHLD) received from 32
2022/11/23 07:43:56 [notice] 1#1: worker process 32 exited with code 0
2022/11/23 07:43:56 [notice] 1#1: exit
2022/11/23 07:46:18 [notice] 1#1: using the "epoll" event method
2022/11/23 07:46:18 [notice] 1#1: nginx/1.23.2
2022/11/23 07:46:18 [notice] 1#1: built by gcc 10.2.1 20210110 (Debian 10.2.1-6) 
2022/11/23 07:46:18 [notice] 1#1: OS: Linux 5.15.0-53-generic
2022/11/23 07:46:18 [notice] 1#1: getrlimit(RLIMIT_NOFILE): 1048576:1048576
2022/11/23 07:46:18 [notice] 1#1: start worker processes
2022/11/23 07:46:18 [notice] 1#1: start worker process 28
2022/11/23 07:46:18 [notice] 1#1: start worker process 29
2022/11/23 07:46:18 [notice] 1#1: start worker process 30
2022/11/23 07:46:18 [notice] 1#1: start worker process 31
2022/11/23 07:46:18 [notice] 1#1: start worker process 32
2022/11/23 07:46:18 [notice] 1#1: start worker process 33
2022/11/23 07:46:18 [notice] 1#1: start worker process 34
2022/11/23 07:46:18 [notice] 1#1: start worker process 35
2022/11/23 11:16:29 [notice] 1#1: signal 3 (SIGQUIT) received, shutting down
2022/11/23 11:16:29 [notice] 31#31: gracefully shutting down
2022/11/23 11:16:29 [notice] 30#30: gracefully shutting down
2022/11/23 11:16:29 [notice] 28#28: gracefully shutting down
2022/11/23 11:16:29 [notice] 29#29: gracefully shutting down
2022/11/23 11:16:29 [notice] 32#32: gracefully shutting down
2022/11/23 11:16:29 [notice] 34#34: gracefully shutting down
2022/11/23 11:16:29 [notice] 31#31: exiting
2022/11/23 11:16:29 [notice] 33#33: gracefully shutting down
2022/11/23 11:16:29 [notice] 30#30: exiting
2022/11/23 11:16:29 [notice] 28#28: exiting
2022/11/23 11:16:29 [notice] 29#29: exiting
2022/11/23 11:16:29 [notice] 32#32: exiting
2022/11/23 11:16:29 [notice] 34#34: exiting
2022/11/23 11:16:29 [notice] 33#33: exiting
2022/11/23 11:16:29 [notice] 31#31: exit
2022/11/23 11:16:29 [notice] 28#28: exit
2022/11/23 11:16:29 [notice] 30#30: exit
2022/11/23 11:16:29 [notice] 29#29: exit
2022/11/23 11:16:29 [notice] 34#34: exit
2022/11/23 11:16:29 [notice] 32#32: exit
2022/11/23 11:16:29 [notice] 33#33: exit
2022/11/23 11:16:29 [notice] 35#35: gracefully shutting down
2022/11/23 11:16:29 [notice] 35#35: exiting
2022/11/23 11:16:29 [notice] 35#35: exit
2022/11/23 11:16:29 [notice] 1#1: signal 17 (SIGCHLD) received from 35
2022/11/23 11:16:29 [notice] 1#1: worker process 33 exited with code 0
2022/11/23 11:16:29 [notice] 1#1: worker process 35 exited with code 0
2022/11/23 11:16:29 [notice] 1#1: signal 29 (SIGIO) received
2022/11/23 11:16:29 [notice] 1#1: signal 17 (SIGCHLD) received from 34
2022/11/23 11:16:29 [notice] 1#1: worker process 34 exited with code 0
2022/11/23 11:16:29 [notice] 1#1: signal 29 (SIGIO) received
2022/11/23 11:16:29 [notice] 1#1: signal 17 (SIGCHLD) received from 29
2022/11/23 11:16:29 [notice] 1#1: worker process 29 exited with code 0
2022/11/23 11:16:29 [notice] 1#1: signal 29 (SIGIO) received
2022/11/23 11:16:29 [notice] 1#1: signal 17 (SIGCHLD) received from 30
2022/11/23 11:16:29 [notice] 1#1: worker process 30 exited with code 0
2022/11/23 11:16:29 [notice] 1#1: signal 29 (SIGIO) received
2022/11/23 11:16:29 [notice] 1#1: signal 17 (SIGCHLD) received from 28
2022/11/23 11:16:29 [notice] 1#1: worker process 28 exited with code 0
2022/11/23 11:16:29 [notice] 1#1: signal 29 (SIGIO) received
2022/11/23 11:16:29 [notice] 1#1: signal 17 (SIGCHLD) received from 32
2022/11/23 11:16:29 [notice] 1#1: worker process 31 exited with code 0
2022/11/23 11:16:29 [notice] 1#1: worker process 32 exited with code 0
2022/11/23 11:16:29 [notice] 1#1: exit
2022/11/23 11:16:43 [notice] 1#1: using the "epoll" event method
2022/11/23 11:16:43 [notice] 1#1: nginx/1.23.2
2022/11/23 11:16:43 [notice] 1#1: built by gcc 10.2.1 20210110 (Debian 10.2.1-6) 
2022/11/23 11:16:43 [notice] 1#1: OS: Linux 5.15.0-53-generic
2022/11/23 11:16:43 [notice] 1#1: getrlimit(RLIMIT_NOFILE): 1048576:1048576
2022/11/23 11:16:43 [notice] 1#1: start worker processes
2022/11/23 11:16:43 [notice] 1#1: start worker process 28
2022/11/23 11:16:43 [notice] 1#1: start worker process 29
2022/11/23 11:16:43 [notice] 1#1: start worker process 30
2022/11/23 11:16:43 [notice] 1#1: start worker process 31
2022/11/23 11:16:43 [notice] 1#1: start worker process 32
2022/11/23 11:16:43 [notice] 1#1: start worker process 33
2022/11/23 11:16:43 [notice] 1#1: start worker process 34
2022/11/23 11:16:43 [notice] 1#1: start worker process 35
2022/11/23 12:20:54 [notice] 1#1: signal 3 (SIGQUIT) received, shutting down
2022/11/23 12:20:54 [notice] 28#28: gracefully shutting down
2022/11/23 12:20:54 [notice] 29#29: gracefully shutting down
2022/11/23 12:20:54 [notice] 31#31: gracefully shutting down
2022/11/23 12:20:54 [notice] 32#32: gracefully shutting down
2022/11/23 12:20:54 [notice] 28#28: exiting
2022/11/23 12:20:54 [notice] 33#33: gracefully shutting down
2022/11/23 12:20:54 [notice] 29#29: exiting
2022/11/23 12:20:54 [notice] 34#34: gracefully shutting down
2022/11/23 12:20:54 [notice] 31#31: exiting
2022/11/23 12:20:54 [notice] 32#32: exiting
2022/11/23 12:20:54 [notice] 33#33: exiting
2022/11/23 12:20:54 [notice] 34#34: exiting
2022/11/23 12:20:54 [notice] 28#28: exit
2022/11/23 12:20:54 [notice] 29#29: exit
2022/11/23 12:20:54 [notice] 32#32: exit
2022/11/23 12:20:54 [notice] 31#31: exit
2022/11/23 12:20:54 [notice] 34#34: exit
2022/11/23 12:20:54 [notice] 33#33: exit
2022/11/23 12:20:54 [notice] 30#30: gracefully shutting down
2022/11/23 12:20:54 [notice] 35#35: gracefully shutting down
2022/11/23 12:20:54 [notice] 30#30: exiting
2022/11/23 12:20:54 [notice] 35#35: exiting
2022/11/23 12:20:54 [notice] 30#30: exit
2022/11/23 12:20:54 [notice] 35#35: exit
2022/11/23 12:20:54 [notice] 1#1: signal 17 (SIGCHLD) received from 29
2022/11/23 12:20:54 [notice] 1#1: worker process 29 exited with code 0
2022/11/23 12:20:54 [notice] 1#1: worker process 33 exited with code 0
2022/11/23 12:20:54 [notice] 1#1: signal 29 (SIGIO) received
2022/11/23 12:20:54 [notice] 1#1: signal 17 (SIGCHLD) received from 31
2022/11/23 12:20:54 [notice] 1#1: worker process 31 exited with code 0
2022/11/23 12:20:54 [notice] 1#1: worker process 30 exited with code 0
2022/11/23 12:20:54 [notice] 1#1: signal 29 (SIGIO) received
2022/11/23 12:20:54 [notice] 1#1: signal 17 (SIGCHLD) received from 30
2022/11/23 12:20:54 [notice] 1#1: signal 17 (SIGCHLD) received from 34
2022/11/23 12:20:54 [notice] 1#1: worker process 34 exited with code 0
2022/11/23 12:20:54 [notice] 1#1: signal 29 (SIGIO) received
2022/11/23 12:20:54 [notice] 1#1: signal 17 (SIGCHLD) received from 28
2022/11/23 12:20:54 [notice] 1#1: worker process 28 exited with code 0
2022/11/23 12:20:54 [notice] 1#1: signal 29 (SIGIO) received
2022/11/23 12:20:54 [notice] 1#1: signal 17 (SIGCHLD) received from 32
2022/11/23 12:20:54 [notice] 1#1: worker process 32 exited with code 0
2022/11/23 12:20:54 [notice] 1#1: signal 17 (SIGCHLD) received from 35
2022/11/23 12:20:54 [notice] 1#1: worker process 35 exited with code 0
2022/11/23 12:20:54 [notice] 1#1: exit
2022/11/24 13:57:23 [notice] 1#1: using the "epoll" event method
2022/11/24 13:57:23 [notice] 1#1: nginx/1.23.2
2022/11/24 13:57:23 [notice] 1#1: built by gcc 10.2.1 20210110 (Debian 10.2.1-6) 
2022/11/24 13:57:23 [notice] 1#1: OS: Linux 5.15.0-53-generic
2022/11/24 13:57:23 [notice] 1#1: getrlimit(RLIMIT_NOFILE): 1048576:1048576
2022/11/24 13:57:23 [notice] 1#1: start worker processes
2022/11/24 13:57:23 [notice] 1#1: start worker process 28
2022/11/24 13:57:23 [notice] 1#1: start worker process 29
2022/11/24 13:57:23 [notice] 1#1: start worker process 30
2022/11/24 13:57:23 [notice] 1#1: start worker process 31
2022/11/24 13:57:23 [notice] 1#1: start worker process 32
2022/11/24 13:57:23 [notice] 1#1: start worker process 33
2022/11/24 13:57:23 [notice] 1#1: start worker process 34
2022/11/24 13:57:23 [notice] 1#1: start worker process 35
2022/11/24 14:10:24 [notice] 1#1: signal 3 (SIGQUIT) received, shutting down
2022/11/24 14:10:24 [notice] 29#29: gracefully shutting down
2022/11/24 14:10:24 [notice] 31#31: gracefully shutting down
2022/11/24 14:10:24 [notice] 32#32: gracefully shutting down
2022/11/24 14:10:24 [notice] 33#33: gracefully shutting down
2022/11/24 14:10:24 [notice] 28#28: gracefully shutting down
2022/11/24 14:10:24 [notice] 34#34: gracefully shutting down
2022/11/24 14:10:24 [notice] 29#29: exiting
2022/11/24 14:10:24 [notice] 31#31: exiting
2022/11/24 14:10:24 [notice] 32#32: exiting
2022/11/24 14:10:24 [notice] 33#33: exiting
2022/11/24 14:10:24 [notice] 34#34: exiting
2022/11/24 14:10:24 [notice] 30#30: gracefully shutting down
2022/11/24 14:10:24 [notice] 30#30: exiting
2022/11/24 14:10:24 [notice] 32#32: exit
2022/11/24 14:10:24 [notice] 34#34: exit
2022/11/24 14:10:24 [notice] 31#31: exit
2022/11/24 14:10:24 [notice] 33#33: exit
2022/11/24 14:10:24 [notice] 29#29: exit
2022/11/24 14:10:24 [notice] 28#28: exiting
2022/11/24 14:10:24 [notice] 30#30: exit
2022/11/24 14:10:24 [notice] 28#28: exit
2022/11/24 14:10:24 [notice] 35#35: gracefully shutting down
2022/11/24 14:10:24 [notice] 35#35: exiting
2022/11/24 14:10:24 [notice] 35#35: exit
2022/11/24 14:10:24 [notice] 1#1: signal 17 (SIGCHLD) received from 31
2022/11/24 14:10:24 [notice] 1#1: worker process 31 exited with code 0
2022/11/24 14:10:24 [notice] 1#1: signal 29 (SIGIO) received
2022/11/24 14:10:24 [notice] 1#1: signal 17 (SIGCHLD) received from 30
2022/11/24 14:10:24 [notice] 1#1: worker process 30 exited with code 0
2022/11/24 14:10:24 [notice] 1#1: signal 29 (SIGIO) received
2022/11/24 14:10:24 [notice] 1#1: signal 17 (SIGCHLD) received from 28
2022/11/24 14:10:24 [notice] 1#1: worker process 28 exited with code 0
2022/11/24 14:10:24 [notice] 1#1: worker process 35 exited with code 0
2022/11/24 14:10:24 [notice] 1#1: signal 29 (SIGIO) received
2022/11/24 14:10:24 [notice] 1#1: signal 17 (SIGCHLD) received from 35
2022/11/24 14:10:24 [notice] 1#1: signal 17 (SIGCHLD) received from 32
2022/11/24 14:10:24 [notice] 1#1: worker process 32 exited with code 0
2022/11/24 14:10:24 [notice] 1#1: signal 29 (SIGIO) received
2022/11/24 14:10:24 [notice] 1#1: signal 17 (SIGCHLD) received from 29
2022/11/24 14:10:24 [notice] 1#1: worker process 29 exited with code 0
2022/11/24 14:10:24 [notice] 1#1: signal 29 (SIGIO) received
2022/11/24 14:10:24 [notice] 1#1: signal 17 (SIGCHLD) received from 34
2022/11/24 14:10:24 [notice] 1#1: worker process 33 exited with code 0
2022/11/24 14:10:24 [notice] 1#1: worker process 34 exited with code 0
2022/11/24 14:10:24 [notice] 1#1: exit
2022/11/24 14:10:38 [notice] 1#1: using the "epoll" event method
2022/11/24 14:10:38 [notice] 1#1: nginx/1.23.2
2022/11/24 14:10:38 [notice] 1#1: built by gcc 10.2.1 20210110 (Debian 10.2.1-6) 
2022/11/24 14:10:38 [notice] 1#1: OS: Linux 5.15.0-53-generic
2022/11/24 14:10:38 [notice] 1#1: getrlimit(RLIMIT_NOFILE): 1048576:1048576
2022/11/24 14:10:38 [notice] 1#1: start worker processes
2022/11/24 14:10:38 [notice] 1#1: start worker process 28
2022/11/24 14:10:38 [notice] 1#1: start worker process 29
2022/11/24 14:10:38 [notice] 1#1: start worker process 30
2022/11/24 14:10:38 [notice] 1#1: start worker process 31
2022/11/24 14:10:38 [notice] 1#1: start worker process 32
2022/11/24 14:10:38 [notice] 1#1: start worker process 33
2022/11/24 14:10:38 [notice] 1#1: start worker process 34
2022/11/24 14:10:38 [notice] 1#1: start worker process 35
2022/11/24 14:38:37 [notice] 1#1: signal 3 (SIGQUIT) received, shutting down
2022/11/24 14:38:37 [notice] 29#29: gracefully shutting down
2022/11/24 14:38:37 [notice] 31#31: gracefully shutting down
2022/11/24 14:38:37 [notice] 30#30: gracefully shutting down
2022/11/24 14:38:37 [notice] 32#32: gracefully shutting down
2022/11/24 14:38:37 [notice] 33#33: gracefully shutting down
2022/11/24 14:38:37 [notice] 34#34: gracefully shutting down
2022/11/24 14:38:37 [notice] 31#31: exiting
2022/11/24 14:38:37 [notice] 32#32: exiting
2022/11/24 14:38:37 [notice] 35#35: gracefully shutting down
2022/11/24 14:38:37 [notice] 33#33: exiting
2022/11/24 14:38:37 [notice] 34#34: exiting
2022/11/24 14:38:37 [notice] 35#35: exiting
2022/11/24 14:38:37 [notice] 30#30: exiting
2022/11/24 14:38:37 [notice] 29#29: exiting
2022/11/24 14:38:37 [notice] 32#32: exit
2022/11/24 14:38:37 [notice] 31#31: exit
2022/11/24 14:38:37 [notice] 34#34: exit
2022/11/24 14:38:37 [notice] 33#33: exit
2022/11/24 14:38:37 [notice] 35#35: exit
2022/11/24 14:38:37 [notice] 30#30: exit
2022/11/24 14:38:37 [notice] 29#29: exit
2022/11/24 14:38:37 [notice] 28#28: gracefully shutting down
2022/11/24 14:38:37 [notice] 28#28: exiting
2022/11/24 14:38:37 [notice] 28#28: exit
2022/11/24 14:38:37 [notice] 1#1: signal 17 (SIGCHLD) received from 31
2022/11/24 14:38:37 [notice] 1#1: worker process 31 exited with code 0
2022/11/24 14:38:37 [notice] 1#1: signal 29 (SIGIO) received
2022/11/24 14:38:37 [notice] 1#1: signal 17 (SIGCHLD) received from 32
2022/11/24 14:38:37 [notice] 1#1: worker process 32 exited with code 0
2022/11/24 14:38:37 [notice] 1#1: signal 29 (SIGIO) received
2022/11/24 14:38:37 [notice] 1#1: signal 17 (SIGCHLD) received from 33
2022/11/24 14:38:37 [notice] 1#1: worker process 33 exited with code 0
2022/11/24 14:38:37 [notice] 1#1: signal 29 (SIGIO) received
2022/11/24 14:38:37 [notice] 1#1: signal 17 (SIGCHLD) received from 29
2022/11/24 14:38:37 [notice] 1#1: worker process 29 exited with code 0
2022/11/24 14:38:37 [notice] 1#1: signal 29 (SIGIO) received
2022/11/24 14:38:37 [notice] 1#1: signal 17 (SIGCHLD) received from 35
2022/11/24 14:38:37 [notice] 1#1: worker process 35 exited with code 0
2022/11/24 14:38:37 [notice] 1#1: signal 29 (SIGIO) received
2022/11/24 14:38:37 [notice] 1#1: signal 17 (SIGCHLD) received from 30
2022/11/24 14:38:37 [notice] 1#1: worker process 30 exited with code 0
2022/11/24 14:38:37 [notice] 1#1: worker process 34 exited with code 0
2022/11/24 14:38:37 [notice] 1#1: signal 29 (SIGIO) received
2022/11/24 14:38:37 [notice] 1#1: signal 17 (SIGCHLD) received from 28
2022/11/24 14:38:37 [notice] 1#1: worker process 28 exited with code 0
2022/11/24 14:38:37 [notice] 1#1: exit
2022/11/24 14:38:53 [notice] 1#1: using the "epoll" event method
2022/11/24 14:38:53 [notice] 1#1: nginx/1.23.2
2022/11/24 14:38:53 [notice] 1#1: built by gcc 10.2.1 20210110 (Debian 10.2.1-6) 
2022/11/24 14:38:53 [notice] 1#1: OS: Linux 5.15.0-53-generic
2022/11/24 14:38:53 [notice] 1#1: getrlimit(RLIMIT_NOFILE): 1048576:1048576
2022/11/24 14:38:53 [notice] 1#1: start worker processes
2022/11/24 14:38:53 [notice] 1#1: start worker process 28
2022/11/24 14:38:53 [notice] 1#1: start worker process 29
2022/11/24 14:38:53 [notice] 1#1: start worker process 30
2022/11/24 14:38:53 [notice] 1#1: start worker process 31
2022/11/24 14:38:53 [notice] 1#1: start worker process 32
2022/11/24 14:38:53 [notice] 1#1: start worker process 33
2022/11/24 14:38:53 [notice] 1#1: start worker process 34
2022/11/24 14:38:53 [notice] 1#1: start worker process 35
2022/11/24 15:20:55 [notice] 1#1: signal 3 (SIGQUIT) received, shutting down
2022/11/24 15:20:55 [notice] 28#28: gracefully shutting down
2022/11/24 15:20:55 [notice] 29#29: gracefully shutting down
2022/11/24 15:20:55 [notice] 31#31: gracefully shutting down
2022/11/24 15:20:55 [notice] 32#32: gracefully shutting down
2022/11/24 15:20:55 [notice] 28#28: exiting
2022/11/24 15:20:55 [notice] 33#33: gracefully shutting down
2022/11/24 15:20:55 [notice] 34#34: gracefully shutting down
2022/11/24 15:20:55 [notice] 29#29: exiting
2022/11/24 15:20:55 [notice] 31#31: exiting
2022/11/24 15:20:55 [notice] 32#32: exiting
2022/11/24 15:20:55 [notice] 33#33: exiting
2022/11/24 15:20:55 [notice] 34#34: exiting
2022/11/24 15:20:55 [notice] 28#28: exit
2022/11/24 15:20:55 [notice] 34#34: exit
2022/11/24 15:20:55 [notice] 29#29: exit
2022/11/24 15:20:55 [notice] 33#33: exit
2022/11/24 15:20:55 [notice] 31#31: exit
2022/11/24 15:20:55 [notice] 32#32: exit
2022/11/24 15:20:55 [notice] 30#30: gracefully shutting down
2022/11/24 15:20:55 [notice] 35#35: gracefully shutting down
2022/11/24 15:20:55 [notice] 30#30: exiting
2022/11/24 15:20:55 [notice] 35#35: exiting
2022/11/24 15:20:55 [notice] 30#30: exit
2022/11/24 15:20:55 [notice] 35#35: exit
2022/11/24 15:20:55 [notice] 1#1: signal 17 (SIGCHLD) received from 31
2022/11/24 15:20:55 [notice] 1#1: worker process 31 exited with code 0
2022/11/24 15:20:55 [notice] 1#1: worker process 33 exited with code 0
2022/11/24 15:20:55 [notice] 1#1: worker process 35 exited with code 0
2022/11/24 15:20:55 [notice] 1#1: signal 29 (SIGIO) received
2022/11/24 15:20:55 [notice] 1#1: signal 17 (SIGCHLD) received from 33
2022/11/24 15:20:55 [notice] 1#1: signal 17 (SIGCHLD) received from 34
2022/11/24 15:20:55 [notice] 1#1: worker process 28 exited with code 0
2022/11/24 15:20:55 [notice] 1#1: worker process 34 exited with code 0
2022/11/24 15:20:55 [notice] 1#1: signal 29 (SIGIO) received
2022/11/24 15:20:55 [notice] 1#1: signal 17 (SIGCHLD) received from 29
2022/11/24 15:20:55 [notice] 1#1: worker process 29 exited with code 0
2022/11/24 15:20:55 [notice] 1#1: worker process 30 exited with code 0
2022/11/24 15:20:55 [notice] 1#1: worker process 32 exited with code 0
2022/11/24 15:20:55 [notice] 1#1: exit
2022/11/25 11:33:58 [notice] 1#1: using the "epoll" event method
2022/11/25 11:33:58 [notice] 1#1: nginx/1.23.2
2022/11/25 11:33:58 [notice] 1#1: built by gcc 10.2.1 20210110 (Debian 10.2.1-6) 
2022/11/25 11:33:58 [notice] 1#1: OS: Linux 5.15.0-53-generic
2022/11/25 11:33:58 [notice] 1#1: getrlimit(RLIMIT_NOFILE): 1048576:1048576
2022/11/25 11:33:58 [notice] 1#1: start worker processes
2022/11/25 11:33:58 [notice] 1#1: start worker process 28
2022/11/25 11:33:58 [notice] 1#1: start worker process 29
2022/11/25 11:33:58 [notice] 1#1: start worker process 30
2022/11/25 11:33:58 [notice] 1#1: start worker process 31
2022/11/25 11:33:58 [notice] 1#1: start worker process 32
2022/11/25 11:33:58 [notice] 1#1: start worker process 33
2022/11/25 11:33:58 [notice] 1#1: start worker process 34
2022/11/25 11:33:58 [notice] 1#1: start worker process 35
2022/11/25 12:12:09 [error] 28#28: *46 FastCGI sent in stderr: "PHP message: 2022-11-25T12:12:09+00:00 [critical] Uncaught Error: syntax error, unexpected integer "11", expecting "function" or "const"" while reading upstream, client: 192.168.112.1, server: localhost, request: "GET / HTTP/1.1", upstream: "fastcgi://192.168.112.4:9000", host: "localhost:8000", referrer: "http://localhost:8000/rent/new/2/2022-10-1"
